#
# There is insufficient memory for the Java Runtime Environment to continue.
# Native memory allocation (mmap) failed to map 201326592 bytes for G1 virtual space
# Possible reasons:
#   The system is out of physical RAM or swap space
#   The process is running with CompressedOops enabled, and the Java Heap may be blocking the growth of the native heap
# Possible solutions:
#   Reduce memory load on the system
#   Increase physical memory or swap space
#   Check if swap backing store is full
#   Decrease Java heap size (-Xmx/-Xms)
#   Decrease number of Java threads
#   Decrease Java thread stack sizes (-Xss)
#   Set larger code cache with -XX:ReservedCodeCacheSize=
#   JVM is running with Unscaled Compressed Oops mode in which the Java heap is
#     placed in the first 4GB address space. The Java Heap base address is the
#     maximum limit for the native heap growth. Please use -XX:HeapBaseMinAddress
#     to set the Java Heap base and to place the Java Heap above 4GB virtual address.
# This output file may be truncated or incomplete.
#
#  Out of Memory Error (os_windows.cpp:3532), pid=5668, tid=10944
#
# JRE version: OpenJDK Runtime Environment Temurin-17.0.2+8 (17.0.2+8) (build 17.0.2+8)
# Java VM: OpenJDK 64-Bit Server VM Temurin-17.0.2+8 (17.0.2+8, mixed mode, tiered, compressed oops, compressed class ptrs, g1 gc, windows-amd64)
# No core dump will be written. Minidumps are not enabled by default on client versions of Windows
#

---------------  S U M M A R Y ------------

Command Line: -Dmaven.home=EMBEDDED -Dclassworlds.conf=C:\Users\jeeth\eclipse-workspace\.metadata\.plugins\org.eclipse.m2e.launching\launches\m2conf1063789426059741347.tmp -Dmaven.multiModuleProjectDirectory=C:\Users\jeeth\eclipse-workspace\01_Reports_App -Dfile.encoding=Cp1252 -XX:+ShowCodeDetailsInExceptionMessages org.codehaus.plexus.classworlds.launcher.Launcher -Ppom.xml -B package

Host: AMD Ryzen 5 3500U with Radeon Vega Mobile Gfx  , 8 cores, 3G,  Windows 11 , 64 bit Build 22621 (10.0.22621.3672)
Time: Wed Aug 28 18:59:27 2024 India Standard Time elapsed time: 32.994295 seconds (0d 0h 0m 32s)

---------------  T H R E A D  ---------------

Current thread (0x00000284f789ec00):  VMThread "VM Thread" [stack: 0x00000088d8300000,0x00000088d8400000] [id=10944]

Stack: [0x00000088d8300000,0x00000088d8400000]
Native frames: (J=compiled Java code, j=interpreted, Vv=VM code, C=native code)
V  [jvm.dll+0x67564a]
V  [jvm.dll+0x82fc04]
V  [jvm.dll+0x8313ae]
V  [jvm.dll+0x831a13]
V  [jvm.dll+0x245235]
V  [jvm.dll+0x672539]
V  [jvm.dll+0x666e82]
V  [jvm.dll+0x30401b]
V  [jvm.dll+0x30b566]
V  [jvm.dll+0x35b1fe]
V  [jvm.dll+0x35b42f]
V  [jvm.dll+0x2daf58]
V  [jvm.dll+0x2d920c]
V  [jvm.dll+0x2d87dc]
V  [jvm.dll+0x31c61b]
V  [jvm.dll+0x835ebb]
V  [jvm.dll+0x836bf4]
V  [jvm.dll+0x83710c]
V  [jvm.dll+0x8374e4]
V  [jvm.dll+0x8375b0]
V  [jvm.dll+0x7dff2a]
V  [jvm.dll+0x6744d5]
C  [ucrtbase.dll+0x29333]
C  [KERNEL32.DLL+0x1257d]
C  [ntdll.dll+0x5af28]

VM_Operation (0x00000088d7dfbb30): G1CollectForAllocation, mode: safepoint, requested by thread 0x00000284f77d0860


---------------  P R O C E S S  ---------------

Threads class SMR info:
_java_thread_list=0x0000028492e6ecc0, length=14, elements={
0x00000284f77d0860, 0x00000284ffca7420, 0x00000284ffc518a0, 0x00000284ffc6f8f0,
0x00000284ffc703b0, 0x00000284ffc72d80, 0x00000284ffc73640, 0x00000284ffc76240,
0x00000284ffcde900, 0x00000284ffce99e0, 0x000002848f93d010, 0x000002848f942170,
0x000002848fb74990, 0x0000028492cf65d0
}

Java Threads: ( => current thread )
  0x00000284f77d0860 JavaThread "main" [_thread_blocked, id=15724, stack(0x00000088d7d00000,0x00000088d7e00000)]
  0x00000284ffca7420 JavaThread "Reference Handler" daemon [_thread_blocked, id=9444, stack(0x00000088d8400000,0x00000088d8500000)]
  0x00000284ffc518a0 JavaThread "Finalizer" daemon [_thread_blocked, id=14636, stack(0x00000088d8500000,0x00000088d8600000)]
  0x00000284ffc6f8f0 JavaThread "Signal Dispatcher" daemon [_thread_blocked, id=16060, stack(0x00000088d8600000,0x00000088d8700000)]
  0x00000284ffc703b0 JavaThread "Attach Listener" daemon [_thread_blocked, id=11292, stack(0x00000088d8700000,0x00000088d8800000)]
  0x00000284ffc72d80 JavaThread "Service Thread" daemon [_thread_blocked, id=8348, stack(0x00000088d8800000,0x00000088d8900000)]
  0x00000284ffc73640 JavaThread "Monitor Deflation Thread" daemon [_thread_blocked, id=17324, stack(0x00000088d8900000,0x00000088d8a00000)]
  0x00000284ffc76240 JavaThread "C2 CompilerThread0" daemon [_thread_blocked, id=12280, stack(0x00000088d8a00000,0x00000088d8b00000)]
  0x00000284ffcde900 JavaThread "C1 CompilerThread0" daemon [_thread_blocked, id=9764, stack(0x00000088d8b00000,0x00000088d8c00000)]
  0x00000284ffce99e0 JavaThread "Sweeper thread" daemon [_thread_blocked, id=14036, stack(0x00000088d8c00000,0x00000088d8d00000)]
  0x000002848f93d010 JavaThread "Notification Thread" daemon [_thread_blocked, id=10064, stack(0x00000088d8d00000,0x00000088d8e00000)]
  0x000002848f942170 JavaThread "Common-Cleaner" daemon [_thread_blocked, id=16424, stack(0x00000088d8f00000,0x00000088d9000000)]
  0x000002848fb74990 JavaThread "timeout-check-timer" daemon [_thread_blocked, id=15396, stack(0x00000088d9b00000,0x00000088d9c00000)]
  0x0000028492cf65d0 JavaThread "ping-timer-10s" daemon [_thread_blocked, id=6800, stack(0x00000088d9c00000,0x00000088d9d00000)]

Other Threads:
=>0x00000284f789ec00 VMThread "VM Thread" [stack: 0x00000088d8300000,0x00000088d8400000] [id=10944]
  0x00000284ffd028c0 WatcherThread [stack: 0x00000088d8e00000,0x00000088d8f00000] [id=14916]
  0x00000284f77ffac0 GCTaskThread "GC Thread#0" [stack: 0x00000088d7e00000,0x00000088d7f00000] [id=11756]
  0x000002849107c700 GCTaskThread "GC Thread#1" [stack: 0x00000088d9000000,0x00000088d9100000] [id=5448]
  0x000002848ffefe50 GCTaskThread "GC Thread#2" [stack: 0x00000088d9100000,0x00000088d9200000] [id=16452]
  0x000002848fff1520 GCTaskThread "GC Thread#3" [stack: 0x00000088d9200000,0x00000088d9300000] [id=5188]
  0x000002848fff17d0 GCTaskThread "GC Thread#4" [stack: 0x00000088d9300000,0x00000088d9400000] [id=8208]
  0x000002848fff1a80 GCTaskThread "GC Thread#5" [stack: 0x00000088d9400000,0x00000088d9500000] [id=10496]
  0x000002848fff2940 GCTaskThread "GC Thread#6" [stack: 0x00000088d9500000,0x00000088d9600000] [id=14492]
  0x000002848fff2bf0 GCTaskThread "GC Thread#7" [stack: 0x00000088d9600000,0x00000088d9700000] [id=16024]
  0x00000284f7807f30 ConcurrentGCThread "G1 Main Marker" [stack: 0x00000088d7f00000,0x00000088d8000000] [id=10528]
  0x00000284f7808850 ConcurrentGCThread "G1 Conc#0" [stack: 0x00000088d8000000,0x00000088d8100000] [id=3196]
  0x0000028491332d80 ConcurrentGCThread "G1 Conc#1" [stack: 0x00000088d9700000,0x00000088d9800000] [id=13812]
  0x00000284f7857c60 ConcurrentGCThread "G1 Refine#0" [stack: 0x00000088d8100000,0x00000088d8200000] [id=14092]
  0x000002849334eaf0 ConcurrentGCThread "G1 Refine#1" [stack: 0x00000088d9800000,0x00000088d9900000] [id=7668]
  0x00000284f7858590 ConcurrentGCThread "G1 Service" [stack: 0x00000088d8200000,0x00000088d8300000] [id=14416]

Threads with active compile tasks:
C2 CompilerThread0    33074 6761       4       java.util.zip.ZipFile$Source::initCEN (591 bytes)

VM state: at safepoint (normal execution)

VM Mutex/Monitor currently owned by a thread:  ([mutex/lock_event])
[0x00000284f77cbcb0] Threads_lock - owner thread: 0x00000284f789ec00
[0x00000284f77cd9f0] Heap_lock - owner thread: 0x00000284f77d0860

Heap address: 0x00000000c8c00000, size: 884 MB, Compressed Oops mode: 32-bit

CDS archive(s) not mapped
Compressed class space mapped at: 0x0000000100000000-0x0000000140000000, reserved size: 1073741824
Narrow klass base: 0x0000000000000000, Narrow klass shift: 3, Narrow klass range: 0x140000000

GC Precious Log:
 CPUs: 8 total, 8 available
 Memory: 3531M
 Large Page Support: Disabled
 NUMA Support: Disabled
 Compressed Oops: Enabled (32-bit)
 Heap Region Size: 1M
 Heap Min Capacity: 8M
 Heap Initial Capacity: 56M
 Heap Max Capacity: 884M
 Pre-touch: Disabled
 Parallel Workers: 8
 Concurrent Workers: 2
 Concurrent Refinement Workers: 8
 Periodic GC: Disabled

Heap:
 garbage-first heap   total 98304K, used 29696K [0x00000000c8c00000, 0x0000000100000000)
  region size 1024K, 1 young (1024K), 1 survivors (1024K)
 Metaspace       used 37474K, committed 37824K, reserved 1089536K
  class space    used 3965K, committed 4096K, reserved 1048576K

Heap Regions: E=young(eden), S=young(survivor), O=old, HS=humongous(starts), HC=humongous(continues), CS=collection set, F=free, OA=open archive, CA=closed archive, TAMS=top-at-mark-start (previous, next)
|   0|0x00000000c8c00000, 0x00000000c8d00000, 0x00000000c8d00000|100%| O|  |TAMS 0x00000000c8d00000, 0x00000000c8c00000| Untracked 
|   1|0x00000000c8d00000, 0x00000000c8e00000, 0x00000000c8e00000|100%| O|  |TAMS 0x00000000c8e00000, 0x00000000c8d00000| Untracked 
|   2|0x00000000c8e00000, 0x00000000c8f00000, 0x00000000c8f00000|100%| O|  |TAMS 0x00000000c8f00000, 0x00000000c8e00000| Untracked 
|   3|0x00000000c8f00000, 0x00000000c9000000, 0x00000000c9000000|100%| O|  |TAMS 0x00000000c9000000, 0x00000000c8f00000| Untracked 
|   4|0x00000000c9000000, 0x00000000c9100000, 0x00000000c9100000|100%| O|  |TAMS 0x00000000c9100000, 0x00000000c9000000| Untracked 
|   5|0x00000000c9100000, 0x00000000c9200000, 0x00000000c9200000|100%| O|  |TAMS 0x00000000c9200000, 0x00000000c9100000| Untracked 
|   6|0x00000000c9200000, 0x00000000c9300000, 0x00000000c9300000|100%| O|  |TAMS 0x00000000c9300000, 0x00000000c9200000| Untracked 
|   7|0x00000000c9300000, 0x00000000c9400000, 0x00000000c9400000|100%| O|  |TAMS 0x00000000c9400000, 0x00000000c9300000| Untracked 
|   8|0x00000000c9400000, 0x00000000c9500000, 0x00000000c9500000|100%| O|  |TAMS 0x00000000c9500000, 0x00000000c9400000| Untracked 
|   9|0x00000000c9500000, 0x00000000c9600000, 0x00000000c9600000|100%| O|  |TAMS 0x00000000c9600000, 0x00000000c9500000| Untracked 
|  10|0x00000000c9600000, 0x00000000c9700000, 0x00000000c9700000|100%| O|  |TAMS 0x00000000c9700000, 0x00000000c9600000| Untracked 
|  11|0x00000000c9700000, 0x00000000c9700000, 0x00000000c9800000|  0%| F|  |TAMS 0x00000000c9700000, 0x00000000c9700000| Untracked 
|  12|0x00000000c9800000, 0x00000000c9800000, 0x00000000c9900000|  0%| F|  |TAMS 0x00000000c9800000, 0x00000000c9800000| Untracked 
|  13|0x00000000c9900000, 0x00000000c99c4400, 0x00000000c9a00000| 76%| O|  |TAMS 0x00000000c9900000, 0x00000000c9900000| Untracked 
|  14|0x00000000c9a00000, 0x00000000c9a00000, 0x00000000c9b00000|  0%| F|  |TAMS 0x00000000c9a00000, 0x00000000c9a00000| Untracked 
|  15|0x00000000c9b00000, 0x00000000c9b00000, 0x00000000c9c00000|  0%| F|  |TAMS 0x00000000c9b00000, 0x00000000c9b00000| Untracked 
|  16|0x00000000c9c00000, 0x00000000c9c00000, 0x00000000c9d00000|  0%| F|  |TAMS 0x00000000c9c00000, 0x00000000c9c00000| Untracked 
|  17|0x00000000c9d00000, 0x00000000c9e00000, 0x00000000c9e00000|100%| O|  |TAMS 0x00000000c9e00000, 0x00000000c9d00000| Untracked 
|  18|0x00000000c9e00000, 0x00000000c9f00000, 0x00000000c9f00000|100%| O|  |TAMS 0x00000000c9f00000, 0x00000000c9e00000| Untracked 
|  19|0x00000000c9f00000, 0x00000000ca000000, 0x00000000ca000000|100%| O|  |TAMS 0x00000000c9f00000, 0x00000000c9f00000| Untracked 
|  20|0x00000000ca000000, 0x00000000ca100000, 0x00000000ca100000|100%| O|  |TAMS 0x00000000ca000000, 0x00000000ca000000| Untracked 
|  21|0x00000000ca100000, 0x00000000ca100000, 0x00000000ca200000|  0%| F|  |TAMS 0x00000000ca100000, 0x00000000ca100000| Untracked 
|  22|0x00000000ca200000, 0x00000000ca200000, 0x00000000ca300000|  0%| F|  |TAMS 0x00000000ca200000, 0x00000000ca200000| Untracked 
|  23|0x00000000ca300000, 0x00000000ca300000, 0x00000000ca400000|  0%| F|  |TAMS 0x00000000ca300000, 0x00000000ca300000| Untracked 
|  24|0x00000000ca400000, 0x00000000ca400000, 0x00000000ca500000|  0%| F|  |TAMS 0x00000000ca400000, 0x00000000ca400000| Untracked 
|  25|0x00000000ca500000, 0x00000000ca500000, 0x00000000ca600000|  0%| F|  |TAMS 0x00000000ca500000, 0x00000000ca500000| Untracked 
|  26|0x00000000ca600000, 0x00000000ca600000, 0x00000000ca700000|  0%| F|  |TAMS 0x00000000ca600000, 0x00000000ca600000| Untracked 
|  27|0x00000000ca700000, 0x00000000ca800000, 0x00000000ca800000|100%| O|  |TAMS 0x00000000ca800000, 0x00000000ca700000| Untracked 
|  28|0x00000000ca800000, 0x00000000ca900000, 0x00000000ca900000|100%| O|  |TAMS 0x00000000ca800000, 0x00000000ca800000| Untracked 
|  29|0x00000000ca900000, 0x00000000caa00000, 0x00000000caa00000|100%| O|  |TAMS 0x00000000ca900000, 0x00000000ca900000| Untracked 
|  30|0x00000000caa00000, 0x00000000cab00000, 0x00000000cab00000|100%| O|  |TAMS 0x00000000cab00000, 0x00000000caa00000| Untracked 
|  31|0x00000000cab00000, 0x00000000cab00000, 0x00000000cac00000|  0%| F|  |TAMS 0x00000000cab00000, 0x00000000cab00000| Untracked 
|  32|0x00000000cac00000, 0x00000000cad00000, 0x00000000cad00000|100%| O|  |TAMS 0x00000000cad00000, 0x00000000cac00000| Untracked 
|  33|0x00000000cad00000, 0x00000000cae00000, 0x00000000cae00000|100%| O|  |TAMS 0x00000000cae00000, 0x00000000cad00000| Untracked 
|  34|0x00000000cae00000, 0x00000000caf00000, 0x00000000caf00000|100%| O|  |TAMS 0x00000000caf00000, 0x00000000cae00000| Untracked 
|  35|0x00000000caf00000, 0x00000000cb000000, 0x00000000cb000000|100%| O|  |TAMS 0x00000000cb000000, 0x00000000caf00000| Untracked 
|  36|0x00000000cb000000, 0x00000000cb000000, 0x00000000cb100000|  0%| F|  |TAMS 0x00000000cb000000, 0x00000000cb000000| Untracked 
|  37|0x00000000cb100000, 0x00000000cb200000, 0x00000000cb200000|100%| O|  |TAMS 0x00000000cb1ffc00, 0x00000000cb100000| Untracked 
|  38|0x00000000cb200000, 0x00000000cb200000, 0x00000000cb300000|  0%| F|  |TAMS 0x00000000cb200000, 0x00000000cb200000| Untracked 
|  39|0x00000000cb300000, 0x00000000cb400000, 0x00000000cb400000|100%| O|  |TAMS 0x00000000cb400000, 0x00000000cb300000| Untracked 
|  40|0x00000000cb400000, 0x00000000cb400000, 0x00000000cb500000|  0%| F|  |TAMS 0x00000000cb400000, 0x00000000cb400000| Untracked 
|  41|0x00000000cb500000, 0x00000000cb600000, 0x00000000cb600000|100%|HS|  |TAMS 0x00000000cb600000, 0x00000000cb500000| Complete 
|  42|0x00000000cb600000, 0x00000000cb600000, 0x00000000cb700000|  0%| F|  |TAMS 0x00000000cb600000, 0x00000000cb600000| Untracked 
|  43|0x00000000cb700000, 0x00000000cb700000, 0x00000000cb800000|  0%| F|  |TAMS 0x00000000cb700000, 0x00000000cb700000| Untracked 
|  44|0x00000000cb800000, 0x00000000cb800000, 0x00000000cb900000|  0%| F|  |TAMS 0x00000000cb800000, 0x00000000cb800000| Untracked 
|  45|0x00000000cb900000, 0x00000000cb900000, 0x00000000cba00000|  0%| F|  |TAMS 0x00000000cb900000, 0x00000000cb900000| Untracked 
|  46|0x00000000cba00000, 0x00000000cba00000, 0x00000000cbb00000|  0%| F|  |TAMS 0x00000000cba00000, 0x00000000cba00000| Untracked 
|  47|0x00000000cbb00000, 0x00000000cbc00000, 0x00000000cbc00000|100%| O|  |TAMS 0x00000000cbc00000, 0x00000000cbb00000| Untracked 
|  48|0x00000000cbc00000, 0x00000000cbd00000, 0x00000000cbd00000|100%| O|  |TAMS 0x00000000cbd00000, 0x00000000cbc00000| Untracked 
|  49|0x00000000cbd00000, 0x00000000cbd00000, 0x00000000cbe00000|  0%| F|  |TAMS 0x00000000cbd00000, 0x00000000cbd00000| Untracked 
|  50|0x00000000cbe00000, 0x00000000cbe00000, 0x00000000cbf00000|  0%| F|  |TAMS 0x00000000cbe00000, 0x00000000cbe00000| Untracked 
|  51|0x00000000cbf00000, 0x00000000cbf00000, 0x00000000cc000000|  0%| F|  |TAMS 0x00000000cbf00000, 0x00000000cbf00000| Untracked 
|  52|0x00000000cc000000, 0x00000000cc000000, 0x00000000cc100000|  0%| F|  |TAMS 0x00000000cc000000, 0x00000000cc000000| Untracked 
|  53|0x00000000cc100000, 0x00000000cc100000, 0x00000000cc200000|  0%| F|  |TAMS 0x00000000cc100000, 0x00000000cc100000| Untracked 
|  54|0x00000000cc200000, 0x00000000cc200000, 0x00000000cc300000|  0%| F|  |TAMS 0x00000000cc200000, 0x00000000cc200000| Untracked 
|  55|0x00000000cc300000, 0x00000000cc300000, 0x00000000cc400000|  0%| F|  |TAMS 0x00000000cc300000, 0x00000000cc300000| Untracked 
|  56|0x00000000cc400000, 0x00000000cc400000, 0x00000000cc500000|  0%| F|  |TAMS 0x00000000cc400000, 0x00000000cc400000| Untracked 
|  57|0x00000000cc500000, 0x00000000cc500000, 0x00000000cc600000|  0%| F|  |TAMS 0x00000000cc500000, 0x00000000cc500000| Untracked 
|  58|0x00000000cc600000, 0x00000000cc600000, 0x00000000cc700000|  0%| F|  |TAMS 0x00000000cc600000, 0x00000000cc600000| Untracked 
|  59|0x00000000cc700000, 0x00000000cc700000, 0x00000000cc800000|  0%| F|  |TAMS 0x00000000cc700000, 0x00000000cc700000| Untracked 
|  60|0x00000000cc800000, 0x00000000cc800000, 0x00000000cc900000|  0%| F|  |TAMS 0x00000000cc800000, 0x00000000cc800000| Untracked 
|  61|0x00000000cc900000, 0x00000000cc900000, 0x00000000cca00000|  0%| F|  |TAMS 0x00000000cc900000, 0x00000000cc900000| Untracked 
|  62|0x00000000cca00000, 0x00000000cca00000, 0x00000000ccb00000|  0%| F|  |TAMS 0x00000000cca00000, 0x00000000cca00000| Untracked 
|  63|0x00000000ccb00000, 0x00000000ccb00000, 0x00000000ccc00000|  0%| F|  |TAMS 0x00000000ccb00000, 0x00000000ccb00000| Untracked 
|  64|0x00000000ccc00000, 0x00000000ccc00000, 0x00000000ccd00000|  0%| F|  |TAMS 0x00000000ccc00000, 0x00000000ccc00000| Untracked 
|  65|0x00000000ccd00000, 0x00000000ccd00000, 0x00000000cce00000|  0%| F|  |TAMS 0x00000000ccd00000, 0x00000000ccd00000| Untracked 
|  66|0x00000000cce00000, 0x00000000cce00000, 0x00000000ccf00000|  0%| F|  |TAMS 0x00000000cce00000, 0x00000000cce00000| Untracked 
|  67|0x00000000ccf00000, 0x00000000ccf00000, 0x00000000cd000000|  0%| F|  |TAMS 0x00000000ccf00000, 0x00000000ccf00000| Untracked 
|  68|0x00000000cd000000, 0x00000000cd000000, 0x00000000cd100000|  0%| F|  |TAMS 0x00000000cd000000, 0x00000000cd000000| Untracked 
|  69|0x00000000cd100000, 0x00000000cd100000, 0x00000000cd200000|  0%| F|  |TAMS 0x00000000cd100000, 0x00000000cd100000| Untracked 
|  70|0x00000000cd200000, 0x00000000cd200000, 0x00000000cd300000|  0%| F|  |TAMS 0x00000000cd200000, 0x00000000cd200000| Untracked 
|  71|0x00000000cd300000, 0x00000000cd300000, 0x00000000cd400000|  0%| F|  |TAMS 0x00000000cd300000, 0x00000000cd300000| Untracked 
|  72|0x00000000cd400000, 0x00000000cd400000, 0x00000000cd500000|  0%| F|  |TAMS 0x00000000cd400000, 0x00000000cd400000| Untracked 
|  73|0x00000000cd500000, 0x00000000cd500000, 0x00000000cd600000|  0%| F|  |TAMS 0x00000000cd500000, 0x00000000cd500000| Untracked 
|  74|0x00000000cd600000, 0x00000000cd600000, 0x00000000cd700000|  0%| F|  |TAMS 0x00000000cd600000, 0x00000000cd600000| Untracked 
|  75|0x00000000cd700000, 0x00000000cd700000, 0x00000000cd800000|  0%| F|  |TAMS 0x00000000cd700000, 0x00000000cd700000| Untracked 
|  76|0x00000000cd800000, 0x00000000cd800000, 0x00000000cd900000|  0%| F|  |TAMS 0x00000000cd800000, 0x00000000cd800000| Untracked 
|  77|0x00000000cd900000, 0x00000000cd900000, 0x00000000cda00000|  0%| F|  |TAMS 0x00000000cd900000, 0x00000000cd900000| Untracked 
|  78|0x00000000cda00000, 0x00000000cda00000, 0x00000000cdb00000|  0%| F|  |TAMS 0x00000000cda00000, 0x00000000cda00000| Untracked 
|  79|0x00000000cdb00000, 0x00000000cdb00000, 0x00000000cdc00000|  0%| F|  |TAMS 0x00000000cdb00000, 0x00000000cdb00000| Untracked 
|  80|0x00000000cdc00000, 0x00000000cdc00000, 0x00000000cdd00000|  0%| F|  |TAMS 0x00000000cdc00000, 0x00000000cdc00000| Untracked 
|  81|0x00000000cdd00000, 0x00000000cdd00000, 0x00000000cde00000|  0%| F|  |TAMS 0x00000000cdd00000, 0x00000000cdd00000| Untracked 
|  82|0x00000000cde00000, 0x00000000cde00000, 0x00000000cdf00000|  0%| F|  |TAMS 0x00000000cde00000, 0x00000000cde00000| Untracked 
|  83|0x00000000cdf00000, 0x00000000cdf00000, 0x00000000ce000000|  0%| F|  |TAMS 0x00000000cdf00000, 0x00000000cdf00000| Untracked 
|  84|0x00000000ce000000, 0x00000000ce000000, 0x00000000ce100000|  0%| F|  |TAMS 0x00000000ce000000, 0x00000000ce000000| Untracked 
|  85|0x00000000ce100000, 0x00000000ce100000, 0x00000000ce200000|  0%| F|  |TAMS 0x00000000ce100000, 0x00000000ce100000| Untracked 
|  86|0x00000000ce200000, 0x00000000ce200000, 0x00000000ce300000|  0%| F|  |TAMS 0x00000000ce200000, 0x00000000ce200000| Untracked 
|  87|0x00000000ce300000, 0x00000000ce300000, 0x00000000ce400000|  0%| F|  |TAMS 0x00000000ce300000, 0x00000000ce300000| Untracked 
|  88|0x00000000ce400000, 0x00000000ce400000, 0x00000000ce500000|  0%| F|  |TAMS 0x00000000ce400000, 0x00000000ce400000| Untracked 
|  89|0x00000000ce500000, 0x00000000ce500000, 0x00000000ce600000|  0%| F|  |TAMS 0x00000000ce500000, 0x00000000ce500000| Untracked 
|  90|0x00000000ce600000, 0x00000000ce600000, 0x00000000ce700000|  0%| F|  |TAMS 0x00000000ce600000, 0x00000000ce600000| Untracked 
|  91|0x00000000ce700000, 0x00000000ce73bd20, 0x00000000ce800000| 23%| S|CS|TAMS 0x00000000ce700000, 0x00000000ce700000| Complete 
|  92|0x00000000ce800000, 0x00000000ce800000, 0x00000000ce900000|  0%| F|  |TAMS 0x00000000ce800000, 0x00000000ce800000| Untracked 
|  93|0x00000000ce900000, 0x00000000ce900000, 0x00000000cea00000|  0%| F|  |TAMS 0x00000000ce900000, 0x00000000ce900000| Untracked 
|  94|0x00000000cea00000, 0x00000000cea00000, 0x00000000ceb00000|  0%| F|  |TAMS 0x00000000cea00000, 0x00000000cea00000| Untracked 
|  95|0x00000000ceb00000, 0x00000000ceb00000, 0x00000000cec00000|  0%| F|  |TAMS 0x00000000ceb00000, 0x00000000ceb00000| Untracked 

Card table byte_map: [0x00000284fb370000,0x00000284fb530000] _byte_map_base: 0x00000284fad2a000

Marking Bits (Prev, Next): (CMBitMap*) 0x00000284f77fffe0, (CMBitMap*) 0x00000284f7800020
 Prev Bits: [0x00000284fb6f0000, 0x00000284fc4c0000)
 Next Bits: [0x00000284fc4c0000, 0x00000284fd290000)

Polling page: 0x00000284f5710000

Metaspace:

Usage:
  Non-class:     32.72 MB used.
      Class:      3.87 MB used.
       Both:     36.60 MB used.

Virtual space:
  Non-class space:       40.00 MB reserved,      32.94 MB ( 82%) committed,  5 nodes.
      Class space:        1.00 GB reserved,       4.00 MB ( <1%) committed,  1 nodes.
             Both:        1.04 GB reserved,      36.94 MB (  3%) committed. 

Chunk freelists:
   Non-Class:  2.66 MB
       Class:  3.88 MB
        Both:  6.53 MB

MaxMetaspaceSize: unlimited
CompressedClassSpaceSize: 1.00 GB
Initial GC threshold: 21.00 MB
Current GC threshold: 59.19 MB
CDS: off
MetaspaceReclaimPolicy: balanced
 - commit_granule_bytes: 65536.
 - commit_granule_words: 8192.
 - virtual_space_node_default_size: 1048576.
 - enlarge_chunks_in_place: 1.
 - new_chunks_are_fully_committed: 0.
 - uncommit_free_chunks: 1.
 - use_allocation_guard: 0.
 - handle_deallocations: 1.


Internal statistics:

num_allocs_failed_limit: 3.
num_arena_births: 254.
num_arena_deaths: 8.
num_vsnodes_births: 6.
num_vsnodes_deaths: 0.
num_space_committed: 606.
num_space_uncommitted: 15.
num_chunks_returned_to_freelist: 95.
num_chunks_taken_from_freelist: 1438.
num_chunk_merges: 21.
num_chunk_splits: 927.
num_chunks_enlarged: 696.
num_purges: 2.
num_inconsistent_stats: 0.

CodeHeap 'non-profiled nmethods': size=120000Kb used=2530Kb max_used=2733Kb free=117469Kb
 bounds [0x0000028487ad0000, 0x0000028487d80000, 0x000002848f000000]
CodeHeap 'profiled nmethods': size=120000Kb used=11608Kb max_used=12840Kb free=108391Kb
 bounds [0x00000284805a0000, 0x0000028481240000, 0x0000028487ad0000]
CodeHeap 'non-nmethods': size=5760Kb used=1233Kb max_used=1256Kb free=4526Kb
 bounds [0x0000028480000000, 0x0000028480270000, 0x00000284805a0000]
 total_blobs=6555 nmethods=6011 adapters=456
 compilation: enabled
              stopped_count=0, restarted_count=0
 full_count=0

Compilation events (20 events):
Event: 32.807 Thread 0x00000284ffcde900 6844       2       org.apache.maven.model.merge.ModelMerger::mergePluginManagement (10 bytes)
Event: 32.807 Thread 0x00000284ffcde900 nmethod 6844 0x0000028480977910 code [0x0000028480977aa0, 0x0000028480977bc8]
Event: 32.808 Thread 0x00000284ffcde900 6845       2       org.apache.maven.model.IssueManagement::<init> (5 bytes)
Event: 32.809 Thread 0x00000284ffcde900 nmethod 6845 0x00000284807eed10 code [0x00000284807eeea0, 0x00000284807eef98]
Event: 32.829 Thread 0x00000284ffcde900 6849       2       sun.nio.cs.StreamDecoder::<init> (23 bytes)
Event: 32.831 Thread 0x00000284ffcde900 nmethod 6849 0x00000284809b1510 code [0x00000284809b16c0, 0x00000284809b1918]
Event: 32.841 Thread 0x00000284ffcde900 6850       2       org.eclipse.aether.util.graph.visitor.Stack::push (64 bytes)
Event: 32.842 Thread 0x00000284ffcde900 nmethod 6850 0x0000028480ea1890 code [0x0000028480ea1a40, 0x0000028480ea1de8]
Event: 32.842 Thread 0x00000284ffcde900 6851       2       org.eclipse.aether.util.graph.visitor.Stack::pop (32 bytes)
Event: 32.842 Thread 0x00000284ffcde900 nmethod 6851 0x0000028480ea5b10 code [0x0000028480ea5cc0, 0x0000028480ea5ec8]
Event: 32.854 Thread 0x00000284ffcde900 6853       2       org.apache.maven.artifact.versioning.ComparableVersion::parseItem (64 bytes)
Event: 32.855 Thread 0x00000284ffcde900 nmethod 6853 0x0000028480845490 code [0x0000028480845680, 0x0000028480845a08]
Event: 32.856 Thread 0x00000284ffcde900 6855       2       org.apache.commons.lang3.StringUtils::isNumeric (46 bytes)
Event: 32.857 Thread 0x00000284ffcde900 nmethod 6855 0x0000028480905390 code [0x0000028480905580, 0x0000028480905848]
Event: 32.857 Thread 0x00000284ffcde900 6854       2       org.apache.commons.lang3.math.NumberUtils::isDigits (5 bytes)
Event: 32.857 Thread 0x00000284ffcde900 nmethod 6854 0x0000028480b09610 code [0x0000028480b097a0, 0x0000028480b098a8]
Event: 32.870 Thread 0x00000284ffcde900 6856       3       java.util.IdentityHashMap::clear (39 bytes)
Event: 32.870 Thread 0x00000284ffcde900 nmethod 6856 0x0000028480948810 code [0x00000284809489c0, 0x0000028480948d18]
Event: 32.876 Thread 0x00000284ffcde900 6857       2       java.lang.Boolean::toString (15 bytes)
Event: 32.877 Thread 0x00000284ffcde900 nmethod 6857 0x0000028480bb8610 code [0x0000028480bb87a0, 0x0000028480bb88b8]

GC Heap History (20 events):
Event: 27.676 GC heap after
{Heap after GC invocations=17 (full 0):
 garbage-first heap   total 81920K, used 42377K [0x00000000c8c00000, 0x0000000100000000)
  region size 1024K, 3 young (3072K), 3 survivors (3072K)
 Metaspace       used 36052K, committed 36352K, reserved 1089536K
  class space    used 3858K, committed 4032K, reserved 1048576K
}
Event: 28.644 GC heap before
{Heap before GC invocations=18 (full 0):
 garbage-first heap   total 81920K, used 65929K [0x00000000c8c00000, 0x0000000100000000)
  region size 1024K, 25 young (25600K), 3 survivors (3072K)
 Metaspace       used 36122K, committed 36480K, reserved 1089536K
  class space    used 3859K, committed 4032K, reserved 1048576K
}
Event: 28.666 GC heap after
{Heap after GC invocations=19 (full 0):
 garbage-first heap   total 81920K, used 52935K [0x00000000c8c00000, 0x0000000100000000)
  region size 1024K, 4 young (4096K), 4 survivors (4096K)
 Metaspace       used 36122K, committed 36480K, reserved 1089536K
  class space    used 3859K, committed 4032K, reserved 1048576K
}
Event: 28.673 GC heap before
{Heap before GC invocations=19 (full 0):
 garbage-first heap   total 81920K, used 53959K [0x00000000c8c00000, 0x0000000100000000)
  region size 1024K, 5 young (5120K), 4 survivors (4096K)
 Metaspace       used 36122K, committed 36480K, reserved 1089536K
  class space    used 3859K, committed 4032K, reserved 1048576K
}
Event: 28.683 GC heap after
{Heap after GC invocations=20 (full 0):
 garbage-first heap   total 98304K, used 45947K [0x00000000c8c00000, 0x0000000100000000)
  region size 1024K, 1 young (1024K), 1 survivors (1024K)
 Metaspace       used 36122K, committed 36480K, reserved 1089536K
  class space    used 3859K, committed 4032K, reserved 1048576K
}
Event: 28.709 GC heap before
{Heap before GC invocations=20 (full 0):
 garbage-first heap   total 98304K, used 49019K [0x00000000c8c00000, 0x0000000100000000)
  region size 1024K, 4 young (4096K), 1 survivors (1024K)
 Metaspace       used 36122K, committed 36480K, reserved 1089536K
  class space    used 3859K, committed 4032K, reserved 1048576K
}
Event: 28.715 GC heap after
{Heap after GC invocations=21 (full 0):
 garbage-first heap   total 98304K, used 45103K [0x00000000c8c00000, 0x0000000100000000)
  region size 1024K, 1 young (1024K), 1 survivors (1024K)
 Metaspace       used 36122K, committed 36480K, reserved 1089536K
  class space    used 3859K, committed 4032K, reserved 1048576K
}
Event: 29.606 GC heap before
{Heap before GC invocations=21 (full 0):
 garbage-first heap   total 98304K, used 72751K [0x00000000c8c00000, 0x0000000100000000)
  region size 1024K, 28 young (28672K), 1 survivors (1024K)
 Metaspace       used 36149K, committed 36480K, reserved 1089536K
  class space    used 3859K, committed 4032K, reserved 1048576K
}
Event: 29.618 GC heap after
{Heap after GC invocations=22 (full 0):
 garbage-first heap   total 98304K, used 54272K [0x00000000c8c00000, 0x0000000100000000)
  region size 1024K, 4 young (4096K), 4 survivors (4096K)
 Metaspace       used 36149K, committed 36480K, reserved 1089536K
  class space    used 3859K, committed 4032K, reserved 1048576K
}
Event: 30.513 GC heap before
{Heap before GC invocations=23 (full 0):
 garbage-first heap   total 98304K, used 70656K [0x00000000c8c00000, 0x0000000100000000)
  region size 1024K, 22 young (22528K), 4 survivors (4096K)
 Metaspace       used 35011K, committed 35520K, reserved 1089536K
  class space    used 3726K, committed 3968K, reserved 1048576K
}
Event: 30.524 GC heap after
{Heap after GC invocations=24 (full 0):
 garbage-first heap   total 98304K, used 53753K [0x00000000c8c00000, 0x0000000100000000)
  region size 1024K, 2 young (2048K), 2 survivors (2048K)
 Metaspace       used 35011K, committed 35520K, reserved 1089536K
  class space    used 3726K, committed 3968K, reserved 1048576K
}
Event: 30.625 GC heap before
{Heap before GC invocations=24 (full 0):
 garbage-first heap   total 98304K, used 54777K [0x00000000c8c00000, 0x0000000100000000)
  region size 1024K, 4 young (4096K), 2 survivors (2048K)
 Metaspace       used 35101K, committed 35584K, reserved 1089536K
  class space    used 3738K, committed 3968K, reserved 1048576K
}
Event: 30.633 GC heap after
{Heap after GC invocations=25 (full 0):
 garbage-first heap   total 98304K, used 48378K [0x00000000c8c00000, 0x0000000100000000)
  region size 1024K, 1 young (1024K), 1 survivors (1024K)
 Metaspace       used 35101K, committed 35584K, reserved 1089536K
  class space    used 3738K, committed 3968K, reserved 1048576K
}
Event: 31.818 GC heap before
{Heap before GC invocations=25 (full 0):
 garbage-first heap   total 98304K, used 71930K [0x00000000c8c00000, 0x0000000100000000)
  region size 1024K, 25 young (25600K), 1 survivors (1024K)
 Metaspace       used 35920K, committed 36288K, reserved 1089536K
  class space    used 3825K, committed 3968K, reserved 1048576K
}
Event: 31.824 GC heap after
{Heap after GC invocations=26 (full 0):
 garbage-first heap   total 98304K, used 48053K [0x00000000c8c00000, 0x0000000100000000)
  region size 1024K, 1 young (1024K), 1 survivors (1024K)
 Metaspace       used 35920K, committed 36288K, reserved 1089536K
  class space    used 3825K, committed 3968K, reserved 1048576K
}
Event: 32.777 GC heap before
{Heap before GC invocations=27 (full 0):
 garbage-first heap   total 98304K, used 74677K [0x00000000c8c00000, 0x0000000100000000)
  region size 1024K, 27 young (27648K), 1 survivors (1024K)
 Metaspace       used 37242K, committed 37568K, reserved 1089536K
  class space    used 3929K, committed 4096K, reserved 1048576K
}
Event: 32.785 GC heap after
{Heap after GC invocations=28 (full 0):
 garbage-first heap   total 98304K, used 49550K [0x00000000c8c00000, 0x0000000100000000)
  region size 1024K, 3 young (3072K), 3 survivors (3072K)
 Metaspace       used 37242K, committed 37568K, reserved 1089536K
  class space    used 3929K, committed 4096K, reserved 1048576K
}
Event: 32.798 GC heap before
{Heap before GC invocations=28 (full 0):
 garbage-first heap   total 98304K, used 50574K [0x00000000c8c00000, 0x0000000100000000)
  region size 1024K, 4 young (4096K), 3 survivors (3072K)
 Metaspace       used 37244K, committed 37568K, reserved 1089536K
  class space    used 3929K, committed 4096K, reserved 1048576K
}
Event: 32.807 GC heap after
{Heap after GC invocations=29 (full 0):
 garbage-first heap   total 98304K, used 38582K [0x00000000c8c00000, 0x0000000100000000)
  region size 1024K, 1 young (1024K), 1 survivors (1024K)
 Metaspace       used 37244K, committed 37568K, reserved 1089536K
  class space    used 3929K, committed 4096K, reserved 1048576K
}
Event: 32.978 GC heap before
{Heap before GC invocations=29 (full 0):
 garbage-first heap   total 98304K, used 41654K [0x00000000c8c00000, 0x0000000100000000)
  region size 1024K, 4 young (4096K), 1 survivors (1024K)
 Metaspace       used 37474K, committed 37824K, reserved 1089536K
  class space    used 3965K, committed 4096K, reserved 1048576K
}

Deoptimization events (20 events):
Event: 32.606 Thread 0x000002848fb74990 DEOPT PACKING pc=0x0000028487c2bd68 sp=0x00000088d99fe520
Event: 32.606 Thread 0x000002848fb74990 DEOPT UNPACKING pc=0x00000284800523a3 sp=0x00000088d99fe4b0 mode 2
Event: 32.684 Thread 0x00000284f77d0860 Uncommon trap: trap_request=0xffffff45 fr.pc=0x0000028487b268d4 relative=0x0000000000000a54
Event: 32.684 Thread 0x00000284f77d0860 Uncommon trap: reason=unstable_if action=reinterpret pc=0x0000028487b268d4 method=org.codehaus.plexus.classworlds.realm.Entry.matches(Ljava/lang/String;)Z @ 20 c2
Event: 32.684 Thread 0x00000284f77d0860 DEOPT PACKING pc=0x0000028487b268d4 sp=0x00000088d7dfdca0
Event: 32.684 Thread 0x00000284f77d0860 DEOPT UNPACKING pc=0x00000284800523a3 sp=0x00000088d7dfdc68 mode 2
Event: 32.727 Thread 0x00000284f77d0860 Uncommon trap: trap_request=0xffffffbe fr.pc=0x0000028487b89b64 relative=0x0000000000000d24
Event: 32.727 Thread 0x00000284f77d0860 Uncommon trap: reason=profile_predicate action=maybe_recompile pc=0x0000028487b89b64 method=java.util.concurrent.ConcurrentHashMap.putAll(Ljava/util/Map;)V @ 28 c2
Event: 32.727 Thread 0x00000284f77d0860 DEOPT PACKING pc=0x0000028487b89b64 sp=0x00000088d7dfd4c0
Event: 32.727 Thread 0x00000284f77d0860 DEOPT UNPACKING pc=0x00000284800523a3 sp=0x00000088d7dfd490 mode 2
Event: 32.728 Thread 0x00000284f77d0860 Uncommon trap: trap_request=0xffffffbe fr.pc=0x0000028487b89b64 relative=0x0000000000000d24
Event: 32.728 Thread 0x00000284f77d0860 Uncommon trap: reason=profile_predicate action=maybe_recompile pc=0x0000028487b89b64 method=java.util.concurrent.ConcurrentHashMap.putAll(Ljava/util/Map;)V @ 28 c2
Event: 32.728 Thread 0x00000284f77d0860 DEOPT PACKING pc=0x0000028487b89b64 sp=0x00000088d7dfceb0
Event: 32.728 Thread 0x00000284f77d0860 DEOPT UNPACKING pc=0x00000284800523a3 sp=0x00000088d7dfce80 mode 2
Event: 32.728 Thread 0x00000284f77d0860 Uncommon trap: trap_request=0xffffffbe fr.pc=0x0000028487b89b64 relative=0x0000000000000d24
Event: 32.728 Thread 0x00000284f77d0860 Uncommon trap: reason=profile_predicate action=maybe_recompile pc=0x0000028487b89b64 method=java.util.concurrent.ConcurrentHashMap.putAll(Ljava/util/Map;)V @ 28 c2
Event: 32.728 Thread 0x00000284f77d0860 DEOPT PACKING pc=0x0000028487b89b64 sp=0x00000088d7dfce10
Event: 32.728 Thread 0x00000284f77d0860 DEOPT UNPACKING pc=0x00000284800523a3 sp=0x00000088d7dfcde0 mode 2
Event: 32.870 Thread 0x00000284f77d0860 DEOPT PACKING pc=0x0000028480ba42c6 sp=0x00000088d7dfd7d0
Event: 32.870 Thread 0x00000284f77d0860 DEOPT UNPACKING pc=0x0000028480052b43 sp=0x00000088d7dfcc68 mode 0

Classes unloaded (20 events):
Event: 29.669 Thread 0x00000284f789ec00 Unloading class 0x00000001003a67c8 'lombok/javac/apt/MessagerDiagnosticsReceiver'
Event: 29.669 Thread 0x00000284f789ec00 Unloading class 0x00000001003a6420 'lombok/javac/apt/InterceptingJavaFileManager'
Event: 29.669 Thread 0x00000284f789ec00 Unloading class 0x00000001003a6218 'lombok/permit/dummy/Parent'
Event: 29.669 Thread 0x00000284f789ec00 Unloading class 0x00000001003a6000 'lombok/core/CleanupRegistry'
Event: 29.669 Thread 0x00000284f789ec00 Unloading class 0x00000001003a5de0 'lombok/permit/Permit$Fake'
Event: 29.669 Thread 0x00000284f789ec00 Unloading class 0x00000001003a5be0 'lombok/permit/Permit'
Event: 29.669 Thread 0x00000284f789ec00 Unloading class 0x00000001003a58f8 'lombok/javac/apt/LombokProcessor$1'
Event: 29.669 Thread 0x00000284f789ec00 Unloading class 0x00000001003a5700 'lombok/core/DiagnosticsReceiver'
Event: 29.669 Thread 0x00000284f789ec00 Unloading class 0x00000001003a5468 'lombok/javac/apt/LombokProcessor'
Event: 29.669 Thread 0x00000284f789ec00 Unloading class 0x00000001003a5238 'lombok/core/AnnotationProcessor$EcjDescriptor'
Event: 29.669 Thread 0x00000284f789ec00 Unloading class 0x00000001003a5000 'lombok/core/AnnotationProcessor$JavacDescriptor'
Event: 29.669 Thread 0x00000284f789ec00 Unloading class 0x00000001003a4a80 'lombok/core/AnnotationProcessor$ProcessorDescriptor'
Event: 29.669 Thread 0x00000284f789ec00 Unloading class 0x00000001003a4800 'lombok/core/AnnotationProcessor'
Event: 29.669 Thread 0x00000284f789ec00 Unloading class 0x00000001003dd000 'lombok/launch/AnnotationProcessorHider$ClaimingProcessor'
Event: 29.669 Thread 0x00000284f789ec00 Unloading class 0x00000001003a4498 'lombok/launch/AnnotationProcessorHider$AstModificationNotifierData'
Event: 29.669 Thread 0x00000284f789ec00 Unloading class 0x00000001003a4218 'lombok/launch/ClassFileMetaData'
Event: 29.669 Thread 0x00000284f789ec00 Unloading class 0x00000001003a4000 'lombok/launch/PackageShader'
Event: 29.669 Thread 0x00000284f789ec00 Unloading class 0x000000010037c480 'lombok/launch/ShadowClassLoader'
Event: 29.669 Thread 0x00000284f789ec00 Unloading class 0x000000010037c280 'lombok/launch/Main'
Event: 29.669 Thread 0x00000284f789ec00 Unloading class 0x000000010037c000 'lombok/launch/AnnotationProcessorHider$AnnotationProcessor'

Classes redefined (0 events):
No events

Internal exceptions (20 events):
Event: 31.346 Thread 0x00000284f77d0860 Exception <a 'sun/nio/fs/WindowsException'{0x00000000cddce2a0}> (0x00000000cddce2a0) 
thrown [e:\jenkins\tmp\workspace\build\src\src\hotspot\share\prims\jni.cpp, line 516]
Event: 31.346 Thread 0x00000284f77d0860 Exception <a 'sun/nio/fs/WindowsException'{0x00000000cddce670}> (0x00000000cddce670) 
thrown [e:\jenkins\tmp\workspace\build\src\src\hotspot\share\prims\jni.cpp, line 516]
Event: 31.346 Thread 0x00000284f77d0860 Exception <a 'sun/nio/fs/WindowsException'{0x00000000cddcf698}> (0x00000000cddcf698) 
thrown [e:\jenkins\tmp\workspace\build\src\src\hotspot\share\prims\jni.cpp, line 516]
Event: 31.347 Thread 0x00000284f77d0860 Exception <a 'sun/nio/fs/WindowsException'{0x00000000cddcf9c8}> (0x00000000cddcf9c8) 
thrown [e:\jenkins\tmp\workspace\build\src\src\hotspot\share\prims\jni.cpp, line 516]
Event: 31.362 Thread 0x00000284f77d0860 Exception <a 'sun/nio/fs/WindowsException'{0x00000000cdc03ed0}> (0x00000000cdc03ed0) 
thrown [e:\jenkins\tmp\workspace\build\src\src\hotspot\share\prims\jni.cpp, line 516]
Event: 31.362 Thread 0x00000284f77d0860 Exception <a 'sun/nio/fs/WindowsException'{0x00000000cdc041d0}> (0x00000000cdc041d0) 
thrown [e:\jenkins\tmp\workspace\build\src\src\hotspot\share\prims\jni.cpp, line 516]
Event: 31.362 Thread 0x00000284f77d0860 Exception <a 'sun/nio/fs/WindowsException'{0x00000000cdc05128}> (0x00000000cdc05128) 
thrown [e:\jenkins\tmp\workspace\build\src\src\hotspot\share\prims\jni.cpp, line 516]
Event: 31.362 Thread 0x00000284f77d0860 Exception <a 'sun/nio/fs/WindowsException'{0x00000000cdc054f8}> (0x00000000cdc054f8) 
thrown [e:\jenkins\tmp\workspace\build\src\src\hotspot\share\prims\jni.cpp, line 516]
Event: 31.363 Thread 0x00000284f77d0860 Exception <a 'sun/nio/fs/WindowsException'{0x00000000cdc06520}> (0x00000000cdc06520) 
thrown [e:\jenkins\tmp\workspace\build\src\src\hotspot\share\prims\jni.cpp, line 516]
Event: 31.363 Thread 0x00000284f77d0860 Exception <a 'sun/nio/fs/WindowsException'{0x00000000cdc06850}> (0x00000000cdc06850) 
thrown [e:\jenkins\tmp\workspace\build\src\src\hotspot\share\prims\jni.cpp, line 516]
Event: 31.368 Thread 0x00000284f77d0860 Exception <a 'sun/nio/fs/WindowsException'{0x00000000cdc28af8}> (0x00000000cdc28af8) 
thrown [e:\jenkins\tmp\workspace\build\src\src\hotspot\share\prims\jni.cpp, line 516]
Event: 31.368 Thread 0x00000284f77d0860 Exception <a 'sun/nio/fs/WindowsException'{0x00000000cdc28df8}> (0x00000000cdc28df8) 
thrown [e:\jenkins\tmp\workspace\build\src\src\hotspot\share\prims\jni.cpp, line 516]
Event: 31.368 Thread 0x00000284f77d0860 Exception <a 'sun/nio/fs/WindowsException'{0x00000000cdc29d50}> (0x00000000cdc29d50) 
thrown [e:\jenkins\tmp\workspace\build\src\src\hotspot\share\prims\jni.cpp, line 516]
Event: 31.368 Thread 0x00000284f77d0860 Exception <a 'sun/nio/fs/WindowsException'{0x00000000cdc2a120}> (0x00000000cdc2a120) 
thrown [e:\jenkins\tmp\workspace\build\src\src\hotspot\share\prims\jni.cpp, line 516]
Event: 31.369 Thread 0x00000284f77d0860 Exception <a 'sun/nio/fs/WindowsException'{0x00000000cdc2b148}> (0x00000000cdc2b148) 
thrown [e:\jenkins\tmp\workspace\build\src\src\hotspot\share\prims\jni.cpp, line 516]
Event: 31.369 Thread 0x00000284f77d0860 Exception <a 'sun/nio/fs/WindowsException'{0x00000000cdc2b478}> (0x00000000cdc2b478) 
thrown [e:\jenkins\tmp\workspace\build\src\src\hotspot\share\prims\jni.cpp, line 516]
Event: 32.606 Thread 0x000002848fb74990 Implicit null exception at 0x0000028487c2bc8e to 0x0000028487c2bd54
Event: 32.622 Thread 0x000002848fb74990 Exception <a 'java/lang/NoSuchMethodError'{0x00000000cd401408}: 'java.lang.Object java.lang.invoke.DirectMethodHandle$Holder.invokeStaticInit(java.lang.Object, java.lang.Object, long, java.lang.Object)'> (0x00000000cd401408) 
thrown [e:\jenkins\tmp\workspace\build\src\src\hotspot\share\interpreter\linkResolver.cpp, line 766]
Event: 32.625 Thread 0x000002848fb74990 Exception <a 'java/lang/NoSuchMethodError'{0x00000000cd407b48}: 'java.lang.Object java.lang.invoke.DirectMethodHandle$Holder.newInvokeSpecial(java.lang.Object, java.lang.Object, long)'> (0x00000000cd407b48) 
thrown [e:\jenkins\tmp\workspace\build\src\src\hotspot\share\interpreter\linkResolver.cpp, line 766]
Event: 32.626 Thread 0x000002848fb74990 Exception <a 'java/lang/NoSuchMethodError'{0x00000000cd40b6b8}: 'java.lang.Object java.lang.invoke.Invokers$Holder.linkToTargetMethod(java.lang.Object, long, java.lang.Object)'> (0x00000000cd40b6b8) 
thrown [e:\jenkins\tmp\workspace\build\src\src\hotspot\share\interpreter\linkResolver.cpp, line 766]

VM Operations (20 events):
Event: 31.455 Executing VM operation: HandshakeAllThreads done
Event: 31.793 Executing VM operation: HandshakeAllThreads
Event: 31.794 Executing VM operation: HandshakeAllThreads done
Event: 31.794 Executing VM operation: Cleanup
Event: 31.794 Executing VM operation: Cleanup done
Event: 31.818 Executing VM operation: G1CollectForAllocation
Event: 31.825 Executing VM operation: G1CollectForAllocation done
Event: 31.859 Executing VM operation: G1Concurrent
Event: 31.868 Executing VM operation: G1Concurrent done
Event: 31.882 Executing VM operation: G1Concurrent
Event: 31.882 Executing VM operation: G1Concurrent done
Event: 32.579 Executing VM operation: HandshakeAllThreads
Event: 32.580 Executing VM operation: HandshakeAllThreads done
Event: 32.636 Executing VM operation: HandshakeAllThreads
Event: 32.636 Executing VM operation: HandshakeAllThreads done
Event: 32.777 Executing VM operation: G1CollectForAllocation
Event: 32.785 Executing VM operation: G1CollectForAllocation done
Event: 32.798 Executing VM operation: G1CollectForAllocation
Event: 32.807 Executing VM operation: G1CollectForAllocation done
Event: 32.977 Executing VM operation: G1CollectForAllocation

Events (20 events):
Event: 32.941 loading class java/util/concurrent/ScheduledThreadPoolExecutor$ScheduledFutureTask
Event: 32.941 loading class java/util/concurrent/ScheduledThreadPoolExecutor$ScheduledFutureTask done
Event: 32.942 loading class java/util/concurrent/Executors$RunnableAdapter
Event: 32.942 loading class java/util/concurrent/Executors$RunnableAdapter done
Event: 32.942 loading class java/util/concurrent/ThreadPoolExecutor$Worker
Event: 32.943 loading class java/util/concurrent/ThreadPoolExecutor$Worker done
Event: 32.943 loading class java/lang/Thread$State
Event: 32.944 loading class java/lang/Thread$State done
Event: 32.944 Thread 0x000002848fb74990 Thread added: 0x000002848fb74990
Event: 32.945 loading class java/util/concurrent/ConcurrentLinkedQueue$Itr
Event: 32.945 loading class java/util/concurrent/ConcurrentLinkedQueue$Itr done
Event: 32.945 loading class java/util/concurrent/locks/AbstractQueuedSynchronizer$ConditionNode
Event: 32.945 loading class java/util/concurrent/locks/AbstractQueuedSynchronizer$ConditionNode done
Event: 32.956 loading class java/util/concurrent/Semaphore
Event: 32.957 loading class java/util/concurrent/Semaphore done
Event: 32.957 loading class java/util/concurrent/Semaphore$NonfairSync
Event: 32.957 loading class java/util/concurrent/Semaphore$Sync
Event: 32.957 loading class java/util/concurrent/Semaphore$Sync done
Event: 32.957 loading class java/util/concurrent/Semaphore$NonfairSync done
Event: 32.964 Thread 0x0000028492cf65d0 Thread added: 0x0000028492cf65d0


Dynamic libraries:
0x00007ff6f6490000 - 0x00007ff6f649e000 	C:\Users\jeeth\.p2\pool\plugins\org.eclipse.justj.openjdk.hotspot.jre.full.win32.x86_64_17.0.2.v20220201-1208\jre\bin\javaw.exe
0x00007ffd44310000 - 0x00007ffd44527000 	C:\WINDOWS\SYSTEM32\ntdll.dll
0x00007ffd43390000 - 0x00007ffd43454000 	C:\WINDOWS\System32\KERNEL32.DLL
0x00007ffd41990000 - 0x00007ffd41d3c000 	C:\WINDOWS\System32\KERNELBASE.dll
0x00007ffd41640000 - 0x00007ffd41751000 	C:\WINDOWS\System32\ucrtbase.dll
0x00007ffd34a70000 - 0x00007ffd34a89000 	C:\Users\jeeth\.p2\pool\plugins\org.eclipse.justj.openjdk.hotspot.jre.full.win32.x86_64_17.0.2.v20220201-1208\jre\bin\VCRUNTIME140.dll
0x00007ffd3fee0000 - 0x00007ffd3fef8000 	C:\Users\jeeth\.p2\pool\plugins\org.eclipse.justj.openjdk.hotspot.jre.full.win32.x86_64_17.0.2.v20220201-1208\jre\bin\jli.dll
0x00007ffd43510000 - 0x00007ffd436be000 	C:\WINDOWS\System32\USER32.dll
0x00007ffd41960000 - 0x00007ffd41986000 	C:\WINDOWS\System32\win32u.dll
0x00007ffd40910000 - 0x00007ffd40ba3000 	C:\WINDOWS\WinSxS\amd64_microsoft.windows.common-controls_6595b64144ccf1df_6.0.22621.3672_none_2713b9d173822955\COMCTL32.dll
0x00007ffd42190000 - 0x00007ffd421b9000 	C:\WINDOWS\System32\GDI32.dll
0x00007ffd41eb0000 - 0x00007ffd41fc9000 	C:\WINDOWS\System32\gdi32full.dll
0x00007ffd42060000 - 0x00007ffd42107000 	C:\WINDOWS\System32\msvcrt.dll
0x00007ffd41760000 - 0x00007ffd417fa000 	C:\WINDOWS\System32\msvcp_win.dll
0x00007ffd42870000 - 0x00007ffd428a1000 	C:\WINDOWS\System32\IMM32.DLL
0x00007ffd36360000 - 0x00007ffd3636c000 	C:\Users\jeeth\.p2\pool\plugins\org.eclipse.justj.openjdk.hotspot.jre.full.win32.x86_64_17.0.2.v20220201-1208\jre\bin\vcruntime140_1.dll
0x00007ffd32ad0000 - 0x00007ffd32b61000 	C:\Users\jeeth\.p2\pool\plugins\org.eclipse.justj.openjdk.hotspot.jre.full.win32.x86_64_17.0.2.v20220201-1208\jre\bin\msvcp140.dll
0x00007ffcf72d0000 - 0x00007ffcf7f17000 	C:\Users\jeeth\.p2\pool\plugins\org.eclipse.justj.openjdk.hotspot.jre.full.win32.x86_64_17.0.2.v20220201-1208\jre\bin\server\jvm.dll
0x00007ffd437a0000 - 0x00007ffd43852000 	C:\WINDOWS\System32\ADVAPI32.dll
0x00007ffd44120000 - 0x00007ffd441ca000 	C:\WINDOWS\System32\sechost.dll
0x00007ffd41870000 - 0x00007ffd41898000 	C:\WINDOWS\System32\bcrypt.dll
0x00007ffd42900000 - 0x00007ffd42a15000 	C:\WINDOWS\System32\RPCRT4.dll
0x00007ffd43b10000 - 0x00007ffd43b18000 	C:\WINDOWS\System32\PSAPI.DLL
0x00007ffd3ad10000 - 0x00007ffd3ad44000 	C:\WINDOWS\SYSTEM32\WINMM.dll
0x00007ffd2c260000 - 0x00007ffd2c269000 	C:\WINDOWS\SYSTEM32\WSOCK32.dll
0x00007ffd3ef10000 - 0x00007ffd3ef1a000 	C:\WINDOWS\SYSTEM32\VERSION.dll
0x00007ffd42aa0000 - 0x00007ffd42b11000 	C:\WINDOWS\System32\WS2_32.dll
0x00007ffd3f720000 - 0x00007ffd3f738000 	C:\WINDOWS\SYSTEM32\kernel.appcore.dll
0x00007ffd40dd0000 - 0x00007ffd40dda000 	C:\Users\jeeth\.p2\pool\plugins\org.eclipse.justj.openjdk.hotspot.jre.full.win32.x86_64_17.0.2.v20220201-1208\jre\bin\jimage.dll
0x00007ffd40eb0000 - 0x00007ffd410e2000 	C:\WINDOWS\SYSTEM32\DBGHELP.DLL
0x00007ffd421c0000 - 0x00007ffd42548000 	C:\WINDOWS\System32\combase.dll
0x00007ffd436c0000 - 0x00007ffd43797000 	C:\WINDOWS\System32\OLEAUT32.dll
0x00007ffd40d90000 - 0x00007ffd40dc2000 	C:\WINDOWS\SYSTEM32\dbgcore.DLL
0x00007ffd41fd0000 - 0x00007ffd4204b000 	C:\WINDOWS\System32\bcryptPrimitives.dll
0x00007ffd39090000 - 0x00007ffd390b5000 	C:\Users\jeeth\.p2\pool\plugins\org.eclipse.justj.openjdk.hotspot.jre.full.win32.x86_64_17.0.2.v20220201-1208\jre\bin\java.dll
0x00007ffd3fe60000 - 0x00007ffd3fe78000 	C:\Users\jeeth\.p2\pool\plugins\org.eclipse.justj.openjdk.hotspot.jre.full.win32.x86_64_17.0.2.v20220201-1208\jre\bin\zip.dll
0x00007ffd42b20000 - 0x00007ffd4337c000 	C:\WINDOWS\System32\SHELL32.dll
0x00007ffd3e610000 - 0x00007ffd3ef07000 	C:\WINDOWS\SYSTEM32\windows.storage.dll
0x00007ffd3e4d0000 - 0x00007ffd3e60f000 	C:\WINDOWS\SYSTEM32\wintypes.dll
0x00007ffd43a10000 - 0x00007ffd43b04000 	C:\WINDOWS\System32\SHCORE.dll
0x00007ffd42550000 - 0x00007ffd425ae000 	C:\WINDOWS\System32\shlwapi.dll
0x00007ffd41570000 - 0x00007ffd41591000 	C:\WINDOWS\SYSTEM32\profapi.dll
0x00007ffd36a80000 - 0x00007ffd36a99000 	C:\Users\jeeth\.p2\pool\plugins\org.eclipse.justj.openjdk.hotspot.jre.full.win32.x86_64_17.0.2.v20220201-1208\jre\bin\net.dll
0x00007ffd3ab20000 - 0x00007ffd3ac56000 	C:\WINDOWS\SYSTEM32\WINHTTP.dll
0x00007ffd3fc70000 - 0x00007ffd3fcd9000 	C:\WINDOWS\system32\mswsock.dll
0x00007ffd36480000 - 0x00007ffd36495000 	C:\Users\jeeth\.p2\pool\plugins\org.eclipse.justj.openjdk.hotspot.jre.full.win32.x86_64_17.0.2.v20220201-1208\jre\bin\nio.dll
0x00007ffd3d2a0000 - 0x00007ffd3d2b0000 	C:\Users\jeeth\.p2\pool\plugins\org.eclipse.justj.openjdk.hotspot.jre.full.win32.x86_64_17.0.2.v20220201-1208\jre\bin\verify.dll
0x00007ffd411e0000 - 0x00007ffd411fb000 	C:\WINDOWS\SYSTEM32\CRYPTSP.dll
0x00007ffd3f670000 - 0x00007ffd3f6a5000 	C:\WINDOWS\system32\rsaenh.dll
0x00007ffd40480000 - 0x00007ffd404a8000 	C:\WINDOWS\SYSTEM32\USERENV.dll
0x00007ffd40670000 - 0x00007ffd4067c000 	C:\WINDOWS\SYSTEM32\CRYPTBASE.dll
0x00007ffd3f180000 - 0x00007ffd3f1ad000 	C:\WINDOWS\SYSTEM32\IPHLPAPI.DLL
0x00007ffd43380000 - 0x00007ffd43389000 	C:\WINDOWS\System32\NSI.dll
0x00007ffd3a960000 - 0x00007ffd3a979000 	C:\WINDOWS\SYSTEM32\dhcpcsvc6.DLL
0x00007ffd3a940000 - 0x00007ffd3a95f000 	C:\WINDOWS\SYSTEM32\dhcpcsvc.DLL
0x00007ffd3f1b0000 - 0x00007ffd3f2a8000 	C:\WINDOWS\SYSTEM32\DNSAPI.dll
0x00007ffd3b1d0000 - 0x00007ffd3b1da000 	C:\Users\jeeth\AppData\Local\Temp\jansi-1.17.1-6832218110024768376.dll
0x00007ffd3ae40000 - 0x00007ffd3ae4a000 	C:\Users\jeeth\AppData\Local\Temp\jansi-1.17.1-6989703464750474367.dll

dbghelp: loaded successfully - version: 4.0.5 - missing functions: none
symbol engine: initialized successfully - sym options: 0x614 - pdb path: .;C:\Users\jeeth\.p2\pool\plugins\org.eclipse.justj.openjdk.hotspot.jre.full.win32.x86_64_17.0.2.v20220201-1208\jre\bin;C:\WINDOWS\SYSTEM32;C:\WINDOWS\WinSxS\amd64_microsoft.windows.common-controls_6595b64144ccf1df_6.0.22621.3672_none_2713b9d173822955;C:\Users\jeeth\.p2\pool\plugins\org.eclipse.justj.openjdk.hotspot.jre.full.win32.x86_64_17.0.2.v20220201-1208\jre\bin\server;C:\Users\jeeth\AppData\Local\Temp

VM Arguments:
jvm_args: -Dmaven.home=EMBEDDED -Dclassworlds.conf=C:\Users\jeeth\eclipse-workspace\.metadata\.plugins\org.eclipse.m2e.launching\launches\m2conf1063789426059741347.tmp -Dmaven.multiModuleProjectDirectory=C:\Users\jeeth\eclipse-workspace\01_Reports_App -Dfile.encoding=Cp1252 -XX:+ShowCodeDetailsInExceptionMessages 
java_command: org.codehaus.plexus.classworlds.launcher.Launcher -Ppom.xml -B package
java_class_path (initial): C:\Users\jeeth\.p2\pool\plugins\org.eclipse.m2e.maven.runtime_1.18.1.20211011-2139\jars\plexus-classworlds-2.6.0.jar
Launcher Type: SUN_STANDARD

[Global flags]
     intx CICompilerCount                          = 4                                         {product} {ergonomic}
     uint ConcGCThreads                            = 2                                         {product} {ergonomic}
     uint G1ConcRefinementThreads                  = 8                                         {product} {ergonomic}
   size_t G1HeapRegionSize                         = 1048576                                   {product} {ergonomic}
    uintx GCDrainStackTargetSize                   = 64                                        {product} {ergonomic}
   size_t InitialHeapSize                          = 58720256                                  {product} {ergonomic}
   size_t MarkStackSize                            = 4194304                                   {product} {ergonomic}
   size_t MaxHeapSize                              = 926941184                                 {product} {ergonomic}
   size_t MaxNewSize                               = 555745280                                 {product} {ergonomic}
   size_t MinHeapDeltaBytes                        = 1048576                                   {product} {ergonomic}
   size_t MinHeapSize                              = 8388608                                   {product} {ergonomic}
    uintx NonNMethodCodeHeapSize                   = 5839372                                {pd product} {ergonomic}
    uintx NonProfiledCodeHeapSize                  = 122909434                              {pd product} {ergonomic}
    uintx ProfiledCodeHeapSize                     = 122909434                              {pd product} {ergonomic}
    uintx ReservedCodeCacheSize                    = 251658240                              {pd product} {ergonomic}
     bool SegmentedCodeCache                       = true                                      {product} {ergonomic}
     bool ShowCodeDetailsInExceptionMessages       = true                                   {manageable} {command line}
   size_t SoftMaxHeapSize                          = 926941184                              {manageable} {ergonomic}
     bool UseCompressedClassPointers               = true                           {product lp64_product} {ergonomic}
     bool UseCompressedOops                        = true                           {product lp64_product} {ergonomic}
     bool UseG1GC                                  = true                                      {product} {ergonomic}
     bool UseLargePagesIndividualAllocation        = false                                  {pd product} {ergonomic}

Logging:
Log output configuration:
 #0: stdout all=warning uptime,level,tags
 #1: stderr all=off uptime,level,tags

Environment Variables:
JAVA_HOME=C:\Program Files\Java\jdk-17.0.2
PATH=C:/Users/jeeth/.p2/pool/plugins/org.eclipse.justj.openjdk.hotspot.jre.full.win32.x86_64_17.0.2.v20220201-1208/jre/bin/server;C:/Users/jeeth/.p2/pool/plugins/org.eclipse.justj.openjdk.hotspot.jre.full.win32.x86_64_17.0.2.v20220201-1208/jre/bin;C:\Oracle21c\WINDOWS.X64_213000_db_home\bin;C:\Program Files\Common Files\Oracle\Java\javapath;C:\WINDOWS\system32;C:\WINDOWS;C:\WINDOWS\System32\Wbem;C:\WINDOWS\System32\WindowsPowerShell\v1.0\;C:\WINDOWS\System32\OpenSSH\;C:\Program Files\apache-maven-3.8.4\bin;C:\Program Files\MySQL\MySQL Server 8.0\bin;C:\Program Files\MySQL\MySQL Shell 8.0\bin\;C:\Users\jeeth\AppData\Local\Microsoft\WindowsApps;;C:\Users\jeeth\OneDrive\Desktop;
USERNAME=jeeth
OS=Windows_NT
PROCESSOR_IDENTIFIER=AMD64 Family 23 Model 24 Stepping 1, AuthenticAMD



---------------  S Y S T E M  ---------------

OS:
 Windows 11 , 64 bit Build 22621 (10.0.22621.3672)
OS uptime: 8 days 5:24 hours
Hyper-V role detected

CPU: total 8 (initial active 8) (8 cores per cpu, 2 threads per core) family 23 model 24 stepping 1 microcode 0x0, cx8, cmov, fxsr, ht, mmx, 3dnowpref, sse, sse2, sse3, ssse3, sse4a, sse4.1, sse4.2, popcnt, lzcnt, tsc, tscinvbit, avx, avx2, aes, clmul, bmi1, bmi2, adx, sha, fma, vzeroupper, clflush, clflushopt, hv

Memory: 4k page, system-wide physical 3531M (285M free)
TotalPageFile size 14283M (AvailPageFile size 95M)
current process WorkingSet (physical memory assigned to process): 205M, peak: 206M
current process commit charge ("private bytes"): 254M, peak: 446M

vm_info: OpenJDK 64-Bit Server VM (17.0.2+8) for windows-amd64 JRE (17.0.2+8), built on Jan 20 2022 04:52:34 by "" with MS VC++ 16.7 (VS2019)

END.
