#
# There is insufficient memory for the Java Runtime Environment to continue.
# Native memory allocation (malloc) failed to allocate 1048576 bytes for AllocateHeap
# Possible reasons:
#   The system is out of physical RAM or swap space
#   The process is running with CompressedOops enabled, and the Java Heap may be blocking the growth of the native heap
# Possible solutions:
#   Reduce memory load on the system
#   Increase physical memory or swap space
#   Check if swap backing store is full
#   Decrease Java heap size (-Xmx/-Xms)
#   Decrease number of Java threads
#   Decrease Java thread stack sizes (-Xss)
#   Set larger code cache with -XX:ReservedCodeCacheSize=
#   JVM is running with Unscaled Compressed Oops mode in which the Java heap is
#     placed in the first 4GB address space. The Java Heap base address is the
#     maximum limit for the native heap growth. Please use -XX:HeapBaseMinAddress
#     to set the Java Heap base and to place the Java Heap above 4GB virtual address.
# This output file may be truncated or incomplete.
#
#  Out of Memory Error (allocation.cpp:44), pid=5464, tid=9488
#
# JRE version:  (17.0.2+8) (build )
# Java VM: OpenJDK 64-Bit Server VM (17.0.2+8, mixed mode, sharing, tiered, compressed oops, compressed class ptrs, g1 gc, windows-amd64)
# No core dump will be written. Minidumps are not enabled by default on client versions of Windows
#

---------------  S U M M A R Y ------------

Command Line: C:\Users\jeeth\AppData\Local\Temp\surefire13590113020689910258\surefirebooter-20240828185447092_3.jar C:\Users\jeeth\AppData\Local\Temp\surefire13590113020689910258 2024-08-28T18-54-46_062-jvmRun1 surefire-20240828185447092_1tmp surefire_0-20240828185447092_2tmp

Host: AMD Ryzen 5 3500U with Radeon Vega Mobile Gfx  , 8 cores, 3G,  Windows 11 , 64 bit Build 22621 (10.0.22621.3672)
Time: Wed Aug 28 18:54:47 2024 India Standard Time elapsed time: 0.041348 seconds (0d 0h 0m 0s)

---------------  T H R E A D  ---------------

Current thread (0x000002216af12fc0):  JavaThread "Unknown thread" [_thread_in_vm, id=9488, stack(0x000000f557d00000,0x000000f557e00000)]

Stack: [0x000000f557d00000,0x000000f557e00000]
Native frames: (J=compiled Java code, j=interpreted, Vv=VM code, C=native code)
V  [jvm.dll+0x67564a]
V  [jvm.dll+0x82fc04]
V  [jvm.dll+0x8313ae]
V  [jvm.dll+0x831a13]
V  [jvm.dll+0x245235]
V  [jvm.dll+0xa6393]
V  [jvm.dll+0x2d6bd4]
V  [jvm.dll+0x80184c]
V  [jvm.dll+0x368f81]
V  [jvm.dll+0x7e0cdc]
V  [jvm.dll+0x3eb8bf]
V  [jvm.dll+0x3ed441]
C  [jli.dll+0x5277]
C  [ucrtbase.dll+0x29333]
C  [KERNEL32.DLL+0x1257d]
C  [ntdll.dll+0x5af28]


---------------  P R O C E S S  ---------------

Threads class SMR info:
_java_thread_list=0x00007ffcf7de5e98, length=0, elements={
}

Java Threads: ( => current thread )

Other Threads:

=>0x000002216af12fc0 (exited) JavaThread "Unknown thread" [_thread_in_vm, id=9488, stack(0x000000f557d00000,0x000000f557e00000)]

Threads with active compile tasks:

VM state: not at safepoint (not fully initialized)

VM Mutex/Monitor currently owned by a thread: None

Heap address: 0x0000000000000000, size: 0 MB, Compressed Oops mode: 32-bit

CDS archive(s) mapped at: [0x0000000000000000-0x0000000000000000-0x0000000000000000), size 0, SharedBaseAddress: 0x0000000800000000, ArchiveRelocationMode: 0.
Narrow klass base: 0x0000000000000000, Narrow klass shift: 0, Narrow klass range: 0x0

GC Precious Log:
<Empty>

GC Heap History (0 events):
No events

Deoptimization events (0 events):
No events

Classes unloaded (0 events):
No events

Classes redefined (0 events):
No events

Internal exceptions (0 events):
No events

VM Operations (0 events):
No events

Events (1 events):
Event: 0.026 Loaded shared library C:\Users\jeeth\.p2\pool\plugins\org.eclipse.justj.openjdk.hotspot.jre.full.win32.x86_64_17.0.2.v20220201-1208\jre\bin\java.dll


Dynamic libraries:
0x00007ff78c3c0000 - 0x00007ff78c3ce000 	C:\Users\jeeth\.p2\pool\plugins\org.eclipse.justj.openjdk.hotspot.jre.full.win32.x86_64_17.0.2.v20220201-1208\jre\bin\java.exe
0x00007ffd44310000 - 0x00007ffd44527000 	C:\WINDOWS\SYSTEM32\ntdll.dll
0x00007ffd43390000 - 0x00007ffd43454000 	C:\WINDOWS\System32\KERNEL32.DLL
0x00007ffd41990000 - 0x00007ffd41d3c000 	C:\WINDOWS\System32\KERNELBASE.dll
0x00007ffd41640000 - 0x00007ffd41751000 	C:\WINDOWS\System32\ucrtbase.dll
0x00007ffd3fee0000 - 0x00007ffd3fef8000 	C:\Users\jeeth\.p2\pool\plugins\org.eclipse.justj.openjdk.hotspot.jre.full.win32.x86_64_17.0.2.v20220201-1208\jre\bin\jli.dll
0x00007ffd34a70000 - 0x00007ffd34a89000 	C:\Users\jeeth\.p2\pool\plugins\org.eclipse.justj.openjdk.hotspot.jre.full.win32.x86_64_17.0.2.v20220201-1208\jre\bin\VCRUNTIME140.dll
0x00007ffd43510000 - 0x00007ffd436be000 	C:\WINDOWS\System32\USER32.dll
0x00007ffd41960000 - 0x00007ffd41986000 	C:\WINDOWS\System32\win32u.dll
0x00007ffd40910000 - 0x00007ffd40ba3000 	C:\WINDOWS\WinSxS\amd64_microsoft.windows.common-controls_6595b64144ccf1df_6.0.22621.3672_none_2713b9d173822955\COMCTL32.dll
0x00007ffd42190000 - 0x00007ffd421b9000 	C:\WINDOWS\System32\GDI32.dll
0x00007ffd42060000 - 0x00007ffd42107000 	C:\WINDOWS\System32\msvcrt.dll
0x00007ffd41eb0000 - 0x00007ffd41fc9000 	C:\WINDOWS\System32\gdi32full.dll
0x00007ffd41760000 - 0x00007ffd417fa000 	C:\WINDOWS\System32\msvcp_win.dll
0x00007ffd42870000 - 0x00007ffd428a1000 	C:\WINDOWS\System32\IMM32.DLL
0x00007ffd36360000 - 0x00007ffd3636c000 	C:\Users\jeeth\.p2\pool\plugins\org.eclipse.justj.openjdk.hotspot.jre.full.win32.x86_64_17.0.2.v20220201-1208\jre\bin\vcruntime140_1.dll
0x00007ffd32ad0000 - 0x00007ffd32b61000 	C:\Users\jeeth\.p2\pool\plugins\org.eclipse.justj.openjdk.hotspot.jre.full.win32.x86_64_17.0.2.v20220201-1208\jre\bin\msvcp140.dll
0x00007ffcf72d0000 - 0x00007ffcf7f17000 	C:\Users\jeeth\.p2\pool\plugins\org.eclipse.justj.openjdk.hotspot.jre.full.win32.x86_64_17.0.2.v20220201-1208\jre\bin\server\jvm.dll
0x00007ffd437a0000 - 0x00007ffd43852000 	C:\WINDOWS\System32\ADVAPI32.dll
0x00007ffd44120000 - 0x00007ffd441ca000 	C:\WINDOWS\System32\sechost.dll
0x00007ffd41870000 - 0x00007ffd41898000 	C:\WINDOWS\System32\bcrypt.dll
0x00007ffd42900000 - 0x00007ffd42a15000 	C:\WINDOWS\System32\RPCRT4.dll
0x00007ffd43b10000 - 0x00007ffd43b18000 	C:\WINDOWS\System32\PSAPI.DLL
0x00007ffd2c260000 - 0x00007ffd2c269000 	C:\WINDOWS\SYSTEM32\WSOCK32.dll
0x00007ffd3ad10000 - 0x00007ffd3ad44000 	C:\WINDOWS\SYSTEM32\WINMM.dll
0x00007ffd3ef10000 - 0x00007ffd3ef1a000 	C:\WINDOWS\SYSTEM32\VERSION.dll
0x00007ffd42aa0000 - 0x00007ffd42b11000 	C:\WINDOWS\System32\WS2_32.dll
0x00007ffd3f720000 - 0x00007ffd3f738000 	C:\WINDOWS\SYSTEM32\kernel.appcore.dll
0x00007ffd40dd0000 - 0x00007ffd40dda000 	C:\Users\jeeth\.p2\pool\plugins\org.eclipse.justj.openjdk.hotspot.jre.full.win32.x86_64_17.0.2.v20220201-1208\jre\bin\jimage.dll
0x00007ffd40eb0000 - 0x00007ffd410e2000 	C:\WINDOWS\SYSTEM32\DBGHELP.DLL
0x00007ffd421c0000 - 0x00007ffd42548000 	C:\WINDOWS\System32\combase.dll
0x00007ffd436c0000 - 0x00007ffd43797000 	C:\WINDOWS\System32\OLEAUT32.dll
0x00007ffd40d90000 - 0x00007ffd40dc2000 	C:\WINDOWS\SYSTEM32\dbgcore.DLL
0x00007ffd41fd0000 - 0x00007ffd4204b000 	C:\WINDOWS\System32\bcryptPrimitives.dll
0x00007ffd39090000 - 0x00007ffd390b5000 	C:\Users\jeeth\.p2\pool\plugins\org.eclipse.justj.openjdk.hotspot.jre.full.win32.x86_64_17.0.2.v20220201-1208\jre\bin\java.dll

dbghelp: loaded successfully - version: 4.0.5 - missing functions: none
symbol engine: initialized successfully - sym options: 0x614 - pdb path: .;C:\Users\jeeth\.p2\pool\plugins\org.eclipse.justj.openjdk.hotspot.jre.full.win32.x86_64_17.0.2.v20220201-1208\jre\bin;C:\WINDOWS\SYSTEM32;C:\WINDOWS\WinSxS\amd64_microsoft.windows.common-controls_6595b64144ccf1df_6.0.22621.3672_none_2713b9d173822955;C:\Users\jeeth\.p2\pool\plugins\org.eclipse.justj.openjdk.hotspot.jre.full.win32.x86_64_17.0.2.v20220201-1208\jre\bin\server

VM Arguments:
java_command: C:\Users\jeeth\AppData\Local\Temp\surefire13590113020689910258\surefirebooter-20240828185447092_3.jar C:\Users\jeeth\AppData\Local\Temp\surefire13590113020689910258 2024-08-28T18-54-46_062-jvmRun1 surefire-20240828185447092_1tmp surefire_0-20240828185447092_2tmp
java_class_path (initial): C:\Users\jeeth\AppData\Local\Temp\surefire13590113020689910258\surefirebooter-20240828185447092_3.jar
Launcher Type: SUN_STANDARD

[Global flags]
     intx CICompilerCount                          = 4                                         {product} {ergonomic}
     uint ConcGCThreads                            = 2                                         {product} {ergonomic}
     uint G1ConcRefinementThreads                  = 8                                         {product} {ergonomic}
   size_t G1HeapRegionSize                         = 1048576                                   {product} {ergonomic}
    uintx GCDrainStackTargetSize                   = 64                                        {product} {ergonomic}
   size_t InitialHeapSize                          = 58720256                                  {product} {ergonomic}
   size_t MarkStackSize                            = 4194304                                   {product} {ergonomic}
   size_t MaxHeapSize                              = 926941184                                 {product} {ergonomic}
   size_t MinHeapDeltaBytes                        = 1048576                                   {product} {ergonomic}
   size_t MinHeapSize                              = 8388608                                   {product} {ergonomic}
    uintx NonNMethodCodeHeapSize                   = 5839372                                {pd product} {ergonomic}
    uintx NonProfiledCodeHeapSize                  = 122909434                              {pd product} {ergonomic}
    uintx ProfiledCodeHeapSize                     = 122909434                              {pd product} {ergonomic}
    uintx ReservedCodeCacheSize                    = 251658240                              {pd product} {ergonomic}
     bool SegmentedCodeCache                       = true                                      {product} {ergonomic}
   size_t SoftMaxHeapSize                          = 926941184                              {manageable} {ergonomic}
     bool UseCompressedClassPointers               = true                           {product lp64_product} {ergonomic}
     bool UseCompressedOops                        = true                           {product lp64_product} {ergonomic}
     bool UseG1GC                                  = true                                      {product} {ergonomic}
     bool UseLargePagesIndividualAllocation        = false                                  {pd product} {ergonomic}

Logging:
Log output configuration:
 #0: stdout all=warning uptime,level,tags
 #1: stderr all=off uptime,level,tags

Environment Variables:
JAVA_HOME=C:\Program Files\Java\jdk-17.0.2
PATH=C:/Users/jeeth/.p2/pool/plugins/org.eclipse.justj.openjdk.hotspot.jre.full.win32.x86_64_17.0.2.v20220201-1208/jre/bin/server;C:/Users/jeeth/.p2/pool/plugins/org.eclipse.justj.openjdk.hotspot.jre.full.win32.x86_64_17.0.2.v20220201-1208/jre/bin;C:\Oracle21c\WINDOWS.X64_213000_db_home\bin;C:\Program Files\Common Files\Oracle\Java\javapath;C:\WINDOWS\system32;C:\WINDOWS;C:\WINDOWS\System32\Wbem;C:\WINDOWS\System32\WindowsPowerShell\v1.0\;C:\WINDOWS\System32\OpenSSH\;C:\Program Files\apache-maven-3.8.4\bin;C:\Program Files\MySQL\MySQL Server 8.0\bin;C:\Program Files\MySQL\MySQL Shell 8.0\bin\;C:\Users\jeeth\AppData\Local\Microsoft\WindowsApps;;C:\Users\jeeth\OneDrive\Desktop;
USERNAME=jeeth
OS=Windows_NT
PROCESSOR_IDENTIFIER=AMD64 Family 23 Model 24 Stepping 1, AuthenticAMD



---------------  S Y S T E M  ---------------

OS:
 Windows 11 , 64 bit Build 22621 (10.0.22621.3672)
OS uptime: 8 days 5:19 hours
Hyper-V role detected

CPU: total 8 (initial active 8) (8 cores per cpu, 2 threads per core) family 23 model 24 stepping 1 microcode 0x0, cx8, cmov, fxsr, ht, mmx, 3dnowpref, sse, sse2, sse3, ssse3, sse4a, sse4.1, sse4.2, popcnt, lzcnt, tsc, tscinvbit, avx, avx2, aes, clmul, bmi1, bmi2, adx, sha, fma, vzeroupper, clflush, clflushopt, hv

Memory: 4k page, system-wide physical 3531M (234M free)
TotalPageFile size 14283M (AvailPageFile size 5M)
current process WorkingSet (physical memory assigned to process): 10M, peak: 10M
current process commit charge ("private bytes"): 12M, peak: 12M

vm_info: OpenJDK 64-Bit Server VM (17.0.2+8) for windows-amd64 JRE (17.0.2+8), built on Jan 20 2022 04:52:34 by "" with MS VC++ 16.7 (VS2019)

END.
